<?xml version="1.0" encoding="UTF-8"?>
<!-- Generated by org.testng.reporters.JUnitReportReporter -->
<testsuite hostname="LAPTOP-BU3JRSEC" failures="0" tests="1" name="org.vedha.naukari.NaukariScripts" time="78.096" errors="0" timestamp="2023-11-25T13:10:36 IST" skipped="0">
  <testcase classname="org.vedha.naukari.NaukariScripts" name="VerifyRegPage" time="78.096"/>
  <system-out/>
</testsuite> <!-- org.vedha.naukari.NaukariScripts -->
