<?xml version="1.0" encoding="UTF-8"?>
<!-- Generated by org.testng.reporters.JUnitReportReporter -->
<testsuite hostname="LAPTOP-BU3JRSEC" failures="0" tests="1" name="org.vedha.naukari.NaukariScripts" time="19.663" errors="0" timestamp="2023-11-29T19:29:52 IST" skipped="0">
  <testcase classname="org.vedha.naukari.NaukariScripts" name="VerifyLoginPage" time="19.663"/>
  <system-out/>
</testsuite> <!-- org.vedha.naukari.NaukariScripts -->
